{
  "uid" : "f1fae53f4a65225",
  "name" : "test_failure",
  "fullName" : "testcase.test_login.Testfour#test_failure",
  "historyId" : "1da189b98a479a1598281b3e24b00460",
  "time" : {
    "start" : 1652844302492,
    "stop" : 1652844302492,
    "duration" : 0
  },
  "status" : "failed",
  "statusMessage" : "AssertionError: assert False",
  "statusTrace" : "self = <testcase.test_login.Testfour object at 0x7f7dc26b33a0>\n\n    def test_failure(self):\n>       assert False\nE       assert False\n\ntest_login.py:112: AssertionError",
  "flaky" : false,
  "newFailed" : false,
  "newBroken" : false,
  "newPassed" : false,
  "retriesCount" : 0,
  "retriesStatusChange" : false,
  "beforeStages" : [ ],
  "afterStages" : [ ],
  "labels" : [ {
    "name" : "feature",
    "value" : "测试报告显示"
  }, {
    "name" : "parentSuite",
    "value" : "testcase"
  }, {
    "name" : "suite",
    "value" : "test_login"
  }, {
    "name" : "subSuite",
    "value" : "Testfour"
  }, {
    "name" : "host",
    "value" : "tangzhongkaideMacBook-Pro.local"
  }, {
    "name" : "thread",
    "value" : "49233-MainThread"
  }, {
    "name" : "framework",
    "value" : "pytest"
  }, {
    "name" : "language",
    "value" : "cpython3"
  }, {
    "name" : "package",
    "value" : "testcase.test_login"
  }, {
    "name" : "resultFormat",
    "value" : "allure2"
  } ],
  "parameters" : [ ],
  "links" : [ ],
  "hidden" : false,
  "retry" : false,
  "extra" : {
    "severity" : "normal",
    "retries" : [ ],
    "categories" : [ {
      "name" : "Product defects",
      "matchedStatuses" : [ ],
      "flaky" : false
    } ],
    "tags" : [ ]
  },
  "source" : "f1fae53f4a65225.json",
  "parameterValues" : [ ]
}